{"C:\\Users\\kam_v\\OneDrive\\Ambiente de Trabalho\\La Fosse\\W5\\Project\\Blizzard\\api\\controllers\\questions.js": {"path":"C:\\Users\\kam_v\\OneDrive\\Ambiente de Trabalho\\La Fosse\\W5\\Project\\Blizzard\\api\\controllers\\questions.js","statementMap":{"0":{"start":{"line":1,"column":17},"end":{"line":1,"column":46}},"1":{"start":{"line":3,"column":13},"end":{"line":12,"column":1}},"2":{"start":{"line":4,"column":2},"end":{"line":11,"column":3}},"3":{"start":{"line":5,"column":20},"end":{"line":5,"column":38}},"4":{"start":{"line":6,"column":21},"end":{"line":6,"column":56}},"5":{"start":{"line":7,"column":20},"end":{"line":7,"column":47}},"6":{"start":{"line":8,"column":4},"end":{"line":8,"column":51}},"7":{"start":{"line":10,"column":4},"end":{"line":10,"column":49}},"8":{"start":{"line":14,"column":0},"end":{"line":14,"column":26}}},"fnMap":{"0":{"name":"(anonymous_0)","decl":{"start":{"line":3,"column":13},"end":{"line":3,"column":14}},"loc":{"start":{"line":3,"column":33},"end":{"line":12,"column":1}},"line":3}},"branchMap":{},"s":{"0":1,"1":1,"2":2,"3":2,"4":2,"5":1,"6":1,"7":1,"8":1},"f":{"0":2},"b":{},"_coverageSchema":"1a1c01bbd47fc00a2c39e90264f33305004495a9","hash":"d27d0bfc0a4d90078f705793a613c88a13dae665"}
,"C:\\Users\\kam_v\\OneDrive\\Ambiente de Trabalho\\La Fosse\\W5\\Project\\Blizzard\\api\\database\\connect.js": {"path":"C:\\Users\\kam_v\\OneDrive\\Ambiente de Trabalho\\La Fosse\\W5\\Project\\Blizzard\\api\\database\\connect.js","statementMap":{"0":{"start":{"line":1,"column":17},"end":{"line":1,"column":30}},"1":{"start":{"line":3,"column":11},"end":{"line":5,"column":2}},"2":{"start":{"line":7,"column":0},"end":{"line":7,"column":20}}},"fnMap":{},"branchMap":{},"s":{"0":3,"1":3,"2":3},"f":{},"b":{},"_coverageSchema":"1a1c01bbd47fc00a2c39e90264f33305004495a9","hash":"f80668e06a56d88fd19adbe02fe4c79b10cfaf59"}
,"C:\\Users\\kam_v\\OneDrive\\Ambiente de Trabalho\\La Fosse\\W5\\Project\\Blizzard\\api\\models\\Answer.js": {"path":"C:\\Users\\kam_v\\OneDrive\\Ambiente de Trabalho\\La Fosse\\W5\\Project\\Blizzard\\api\\models\\Answer.js","statementMap":{"0":{"start":{"line":3,"column":4},"end":{"line":3,"column":31}},"1":{"start":{"line":4,"column":4},"end":{"line":4,"column":27}},"2":{"start":{"line":5,"column":4},"end":{"line":5,"column":35}},"3":{"start":{"line":9,"column":0},"end":{"line":9,"column":24}}},"fnMap":{"0":{"name":"(anonymous_0)","decl":{"start":{"line":2,"column":2},"end":{"line":2,"column":3}},"loc":{"start":{"line":2,"column":51},"end":{"line":6,"column":3}},"line":2}},"branchMap":{},"s":{"0":6,"1":6,"2":6,"3":2},"f":{"0":6},"b":{},"_coverageSchema":"1a1c01bbd47fc00a2c39e90264f33305004495a9","hash":"76945cadcaa088f13b262fee828bf9ee6c591b27"}
,"C:\\Users\\kam_v\\OneDrive\\Ambiente de Trabalho\\La Fosse\\W5\\Project\\Blizzard\\api\\models\\Question.js": {"path":"C:\\Users\\kam_v\\OneDrive\\Ambiente de Trabalho\\La Fosse\\W5\\Project\\Blizzard\\api\\models\\Question.js","statementMap":{"0":{"start":{"line":1,"column":11},"end":{"line":1,"column":41}},"1":{"start":{"line":2,"column":15},"end":{"line":2,"column":34}},"2":{"start":{"line":12,"column":4},"end":{"line":12,"column":35}},"3":{"start":{"line":13,"column":4},"end":{"line":13,"column":53}},"4":{"start":{"line":14,"column":4},"end":{"line":14,"column":31}},"5":{"start":{"line":15,"column":4},"end":{"line":15,"column":29}},"6":{"start":{"line":16,"column":4},"end":{"line":16,"column":23}},"7":{"start":{"line":20,"column":22},"end":{"line":23,"column":5}},"8":{"start":{"line":25,"column":4},"end":{"line":25,"column":79}},"9":{"start":{"line":25,"column":37},"end":{"line":25,"column":79}},"10":{"start":{"line":27,"column":4},"end":{"line":27,"column":43}},"11":{"start":{"line":31,"column":20},"end":{"line":34,"column":5}},"12":{"start":{"line":36,"column":4},"end":{"line":36,"column":76}},"13":{"start":{"line":36,"column":35},"end":{"line":36,"column":76}},"14":{"start":{"line":38,"column":4},"end":{"line":38,"column":50}},"15":{"start":{"line":38,"column":35},"end":{"line":38,"column":48}},"16":{"start":{"line":42,"column":0},"end":{"line":42,"column":26}}},"fnMap":{"0":{"name":"(anonymous_0)","decl":{"start":{"line":5,"column":2},"end":{"line":5,"column":3}},"loc":{"start":{"line":11,"column":5},"end":{"line":17,"column":3}},"line":11},"1":{"name":"(anonymous_1)","decl":{"start":{"line":19,"column":2},"end":{"line":19,"column":3}},"loc":{"start":{"line":19,"column":37},"end":{"line":28,"column":3}},"line":19},"2":{"name":"(anonymous_2)","decl":{"start":{"line":30,"column":2},"end":{"line":30,"column":3}},"loc":{"start":{"line":30,"column":21},"end":{"line":39,"column":3}},"line":30},"3":{"name":"(anonymous_3)","decl":{"start":{"line":38,"column":28},"end":{"line":38,"column":29}},"loc":{"start":{"line":38,"column":35},"end":{"line":38,"column":48}},"line":38}},"branchMap":{"0":{"loc":{"start":{"line":25,"column":4},"end":{"line":25,"column":79}},"type":"if","locations":[{"start":{"line":25,"column":4},"end":{"line":25,"column":79}},{"start":{},"end":{}}],"line":25},"1":{"loc":{"start":{"line":36,"column":4},"end":{"line":36,"column":76}},"type":"if","locations":[{"start":{"line":36,"column":4},"end":{"line":36,"column":76}},{"start":{},"end":{}}],"line":36}},"s":{"0":2,"1":2,"2":4,"3":4,"4":4,"5":4,"6":4,"7":2,"8":2,"9":1,"10":1,"11":2,"12":2,"13":1,"14":1,"15":3,"16":2},"f":{"0":4,"1":2,"2":2,"3":3},"b":{"0":[1,1],"1":[1,1]},"_coverageSchema":"1a1c01bbd47fc00a2c39e90264f33305004495a9","hash":"d527cd962473cdea3a9b8497be688a5430a60ebb"}
,"C:\\Users\\kam_v\\OneDrive\\Ambiente de Trabalho\\La Fosse\\W5\\Project\\Blizzard\\api\\models\\User.js": {"path":"C:\\Users\\kam_v\\OneDrive\\Ambiente de Trabalho\\La Fosse\\W5\\Project\\Blizzard\\api\\models\\User.js","statementMap":{"0":{"start":{"line":1,"column":11},"end":{"line":1,"column":41}},"1":{"start":{"line":5,"column":4},"end":{"line":5,"column":27}},"2":{"start":{"line":6,"column":4},"end":{"line":6,"column":29}},"3":{"start":{"line":7,"column":4},"end":{"line":7,"column":29}},"4":{"start":{"line":8,"column":4},"end":{"line":8,"column":31}},"5":{"start":{"line":9,"column":4},"end":{"line":9,"column":21}},"6":{"start":{"line":13,"column":4},"end":{"line":13,"column":64}},"7":{"start":{"line":13,"column":19},"end":{"line":13,"column":64}},"8":{"start":{"line":15,"column":18},"end":{"line":17,"column":6}},"9":{"start":{"line":19,"column":4},"end":{"line":21,"column":5}},"10":{"start":{"line":20,"column":6},"end":{"line":20,"column":53}},"11":{"start":{"line":23,"column":4},"end":{"line":23,"column":35}},"12":{"start":{"line":27,"column":4},"end":{"line":27,"column":53}},"13":{"start":{"line":27,"column":13},"end":{"line":27,"column":53}},"14":{"start":{"line":29,"column":18},"end":{"line":31,"column":6}},"15":{"start":{"line":33,"column":4},"end":{"line":35,"column":5}},"16":{"start":{"line":34,"column":6},"end":{"line":34,"column":53}},"17":{"start":{"line":37,"column":4},"end":{"line":37,"column":35}},"18":{"start":{"line":41,"column":4},"end":{"line":42,"column":56}},"19":{"start":{"line":42,"column":6},"end":{"line":42,"column":56}},"20":{"start":{"line":44,"column":18},"end":{"line":47,"column":5}},"21":{"start":{"line":49,"column":4},"end":{"line":51,"column":5}},"22":{"start":{"line":50,"column":6},"end":{"line":50,"column":53}},"23":{"start":{"line":53,"column":4},"end":{"line":53,"column":35}},"24":{"start":{"line":57,"column":4},"end":{"line":58,"column":56}},"25":{"start":{"line":58,"column":6},"end":{"line":58,"column":56}},"26":{"start":{"line":60,"column":18},"end":{"line":63,"column":5}},"27":{"start":{"line":65,"column":4},"end":{"line":67,"column":5}},"28":{"start":{"line":66,"column":6},"end":{"line":66,"column":51}},"29":{"start":{"line":69,"column":4},"end":{"line":69,"column":35}},"30":{"start":{"line":73,"column":0},"end":{"line":73,"column":22}}},"fnMap":{"0":{"name":"(anonymous_0)","decl":{"start":{"line":4,"column":2},"end":{"line":4,"column":3}},"loc":{"start":{"line":4,"column":64},"end":{"line":10,"column":3}},"line":4},"1":{"name":"(anonymous_1)","decl":{"start":{"line":12,"column":2},"end":{"line":12,"column":3}},"loc":{"start":{"line":12,"column":40},"end":{"line":24,"column":3}},"line":12},"2":{"name":"(anonymous_2)","decl":{"start":{"line":26,"column":2},"end":{"line":26,"column":3}},"loc":{"start":{"line":26,"column":28},"end":{"line":38,"column":3}},"line":26},"3":{"name":"(anonymous_3)","decl":{"start":{"line":40,"column":2},"end":{"line":40,"column":3}},"loc":{"start":{"line":40,"column":46},"end":{"line":54,"column":3}},"line":40},"4":{"name":"(anonymous_4)","decl":{"start":{"line":56,"column":2},"end":{"line":56,"column":3}},"loc":{"start":{"line":56,"column":38},"end":{"line":70,"column":3}},"line":56}},"branchMap":{"0":{"loc":{"start":{"line":13,"column":4},"end":{"line":13,"column":64}},"type":"if","locations":[{"start":{"line":13,"column":4},"end":{"line":13,"column":64}},{"start":{},"end":{}}],"line":13},"1":{"loc":{"start":{"line":19,"column":4},"end":{"line":21,"column":5}},"type":"if","locations":[{"start":{"line":19,"column":4},"end":{"line":21,"column":5}},{"start":{},"end":{}}],"line":19},"2":{"loc":{"start":{"line":27,"column":4},"end":{"line":27,"column":53}},"type":"if","locations":[{"start":{"line":27,"column":4},"end":{"line":27,"column":53}},{"start":{},"end":{}}],"line":27},"3":{"loc":{"start":{"line":33,"column":4},"end":{"line":35,"column":5}},"type":"if","locations":[{"start":{"line":33,"column":4},"end":{"line":35,"column":5}},{"start":{},"end":{}}],"line":33},"4":{"loc":{"start":{"line":41,"column":4},"end":{"line":42,"column":56}},"type":"if","locations":[{"start":{"line":41,"column":4},"end":{"line":42,"column":56}},{"start":{},"end":{}}],"line":41},"5":{"loc":{"start":{"line":41,"column":8},"end":{"line":41,"column":30}},"type":"binary-expr","locations":[{"start":{"line":41,"column":8},"end":{"line":41,"column":17}},{"start":{"line":41,"column":21},"end":{"line":41,"column":30}}],"line":41},"6":{"loc":{"start":{"line":49,"column":4},"end":{"line":51,"column":5}},"type":"if","locations":[{"start":{"line":49,"column":4},"end":{"line":51,"column":5}},{"start":{},"end":{}}],"line":49},"7":{"loc":{"start":{"line":57,"column":4},"end":{"line":58,"column":56}},"type":"if","locations":[{"start":{"line":57,"column":4},"end":{"line":58,"column":56}},{"start":{},"end":{}}],"line":57},"8":{"loc":{"start":{"line":57,"column":8},"end":{"line":57,"column":57}},"type":"binary-expr","locations":[{"start":{"line":57,"column":8},"end":{"line":57,"column":21}},{"start":{"line":57,"column":25},"end":{"line":57,"column":57}}],"line":57},"9":{"loc":{"start":{"line":65,"column":4},"end":{"line":67,"column":5}},"type":"if","locations":[{"start":{"line":65,"column":4},"end":{"line":67,"column":5}},{"start":{},"end":{}}],"line":65}},"s":{"0":1,"1":7,"2":7,"3":7,"4":7,"5":7,"6":3,"7":1,"8":2,"9":2,"10":1,"11":1,"12":3,"13":1,"14":2,"15":2,"16":1,"17":1,"18":3,"19":1,"20":2,"21":2,"22":1,"23":1,"24":3,"25":1,"26":2,"27":2,"28":1,"29":1,"30":1},"f":{"0":7,"1":3,"2":3,"3":3,"4":3},"b":{"0":[1,2],"1":[1,1],"2":[1,2],"3":[1,1],"4":[1,2],"5":[3,2],"6":[1,1],"7":[1,2],"8":[3,2],"9":[1,1]},"_coverageSchema":"1a1c01bbd47fc00a2c39e90264f33305004495a9","hash":"15838d7f348b2e6fba6fea13fdca17f19a8c7bc1"}
}
