{"C:\\Users\\kam_v\\OneDrive\\Ambiente de Trabalho\\La Fosse\\W5\\Project\\Blizzard\\api\\database\\connect.js": {"path":"C:\\Users\\kam_v\\OneDrive\\Ambiente de Trabalho\\La Fosse\\W5\\Project\\Blizzard\\api\\database\\connect.js","statementMap":{"0":{"start":{"line":1,"column":17},"end":{"line":1,"column":30}},"1":{"start":{"line":3,"column":11},"end":{"line":5,"column":2}},"2":{"start":{"line":7,"column":0},"end":{"line":7,"column":20}}},"fnMap":{},"branchMap":{},"s":{"0":2,"1":2,"2":2},"f":{},"b":{},"_coverageSchema":"1a1c01bbd47fc00a2c39e90264f33305004495a9","hash":"f80668e06a56d88fd19adbe02fe4c79b10cfaf59"}
,"C:\\Users\\kam_v\\OneDrive\\Ambiente de Trabalho\\La Fosse\\W5\\Project\\Blizzard\\api\\models\\Answer.js": {"path":"C:\\Users\\kam_v\\OneDrive\\Ambiente de Trabalho\\La Fosse\\W5\\Project\\Blizzard\\api\\models\\Answer.js","statementMap":{"0":{"start":{"line":3,"column":4},"end":{"line":3,"column":31}},"1":{"start":{"line":4,"column":4},"end":{"line":4,"column":27}},"2":{"start":{"line":5,"column":4},"end":{"line":5,"column":35}},"3":{"start":{"line":9,"column":0},"end":{"line":9,"column":24}}},"fnMap":{"0":{"name":"(anonymous_0)","decl":{"start":{"line":2,"column":2},"end":{"line":2,"column":3}},"loc":{"start":{"line":2,"column":51},"end":{"line":6,"column":3}},"line":2}},"branchMap":{},"s":{"0":3,"1":3,"2":3,"3":1},"f":{"0":3},"b":{},"_coverageSchema":"1a1c01bbd47fc00a2c39e90264f33305004495a9","hash":"76945cadcaa088f13b262fee828bf9ee6c591b27"}
,"C:\\Users\\kam_v\\OneDrive\\Ambiente de Trabalho\\La Fosse\\W5\\Project\\Blizzard\\api\\models\\Question.js": {"path":"C:\\Users\\kam_v\\OneDrive\\Ambiente de Trabalho\\La Fosse\\W5\\Project\\Blizzard\\api\\models\\Question.js","statementMap":{"0":{"start":{"line":1,"column":11},"end":{"line":1,"column":41}},"1":{"start":{"line":2,"column":15},"end":{"line":2,"column":34}},"2":{"start":{"line":12,"column":4},"end":{"line":12,"column":35}},"3":{"start":{"line":13,"column":4},"end":{"line":13,"column":53}},"4":{"start":{"line":14,"column":4},"end":{"line":14,"column":31}},"5":{"start":{"line":15,"column":4},"end":{"line":15,"column":29}},"6":{"start":{"line":16,"column":4},"end":{"line":16,"column":23}},"7":{"start":{"line":20,"column":22},"end":{"line":23,"column":5}},"8":{"start":{"line":25,"column":4},"end":{"line":25,"column":79}},"9":{"start":{"line":25,"column":37},"end":{"line":25,"column":79}},"10":{"start":{"line":27,"column":4},"end":{"line":27,"column":43}},"11":{"start":{"line":31,"column":20},"end":{"line":34,"column":5}},"12":{"start":{"line":36,"column":4},"end":{"line":36,"column":76}},"13":{"start":{"line":36,"column":35},"end":{"line":36,"column":76}},"14":{"start":{"line":38,"column":4},"end":{"line":38,"column":50}},"15":{"start":{"line":38,"column":35},"end":{"line":38,"column":48}},"16":{"start":{"line":42,"column":0},"end":{"line":42,"column":26}}},"fnMap":{"0":{"name":"(anonymous_0)","decl":{"start":{"line":5,"column":2},"end":{"line":5,"column":3}},"loc":{"start":{"line":11,"column":5},"end":{"line":17,"column":3}},"line":11},"1":{"name":"(anonymous_1)","decl":{"start":{"line":19,"column":2},"end":{"line":19,"column":3}},"loc":{"start":{"line":19,"column":37},"end":{"line":28,"column":3}},"line":19},"2":{"name":"(anonymous_2)","decl":{"start":{"line":30,"column":2},"end":{"line":30,"column":3}},"loc":{"start":{"line":30,"column":21},"end":{"line":39,"column":3}},"line":30},"3":{"name":"(anonymous_3)","decl":{"start":{"line":38,"column":28},"end":{"line":38,"column":29}},"loc":{"start":{"line":38,"column":35},"end":{"line":38,"column":48}},"line":38}},"branchMap":{"0":{"loc":{"start":{"line":25,"column":4},"end":{"line":25,"column":79}},"type":"if","locations":[{"start":{"line":25,"column":4},"end":{"line":25,"column":79}},{"start":{},"end":{}}],"line":25},"1":{"loc":{"start":{"line":36,"column":4},"end":{"line":36,"column":76}},"type":"if","locations":[{"start":{"line":36,"column":4},"end":{"line":36,"column":76}},{"start":{},"end":{}}],"line":36}},"s":{"0":1,"1":1,"2":3,"3":3,"4":3,"5":3,"6":3,"7":2,"8":2,"9":1,"10":1,"11":2,"12":2,"13":1,"14":1,"15":3,"16":1},"f":{"0":3,"1":2,"2":2,"3":3},"b":{"0":[1,1],"1":[1,1]},"_coverageSchema":"1a1c01bbd47fc00a2c39e90264f33305004495a9","hash":"d527cd962473cdea3a9b8497be688a5430a60ebb"}
,"C:\\Users\\kam_v\\OneDrive\\Ambiente de Trabalho\\La Fosse\\W5\\Project\\Blizzard\\api\\models\\User.js": {"path":"C:\\Users\\kam_v\\OneDrive\\Ambiente de Trabalho\\La Fosse\\W5\\Project\\Blizzard\\api\\models\\User.js","statementMap":{"0":{"start":{"line":1,"column":11},"end":{"line":1,"column":41}},"1":{"start":{"line":5,"column":4},"end":{"line":5,"column":27}},"2":{"start":{"line":6,"column":4},"end":{"line":6,"column":29}},"3":{"start":{"line":7,"column":4},"end":{"line":7,"column":29}},"4":{"start":{"line":8,"column":4},"end":{"line":8,"column":31}},"5":{"start":{"line":9,"column":4},"end":{"line":9,"column":21}},"6":{"start":{"line":13,"column":4},"end":{"line":13,"column":64}},"7":{"start":{"line":13,"column":19},"end":{"line":13,"column":64}},"8":{"start":{"line":15,"column":18},"end":{"line":17,"column":6}},"9":{"start":{"line":19,"column":4},"end":{"line":21,"column":5}},"10":{"start":{"line":20,"column":6},"end":{"line":20,"column":53}},"11":{"start":{"line":23,"column":4},"end":{"line":23,"column":35}},"12":{"start":{"line":27,"column":4},"end":{"line":28,"column":56}},"13":{"start":{"line":28,"column":6},"end":{"line":28,"column":56}},"14":{"start":{"line":30,"column":18},"end":{"line":33,"column":5}},"15":{"start":{"line":35,"column":4},"end":{"line":37,"column":5}},"16":{"start":{"line":36,"column":6},"end":{"line":36,"column":53}},"17":{"start":{"line":39,"column":4},"end":{"line":39,"column":35}},"18":{"start":{"line":43,"column":0},"end":{"line":43,"column":22}}},"fnMap":{"0":{"name":"(anonymous_0)","decl":{"start":{"line":4,"column":2},"end":{"line":4,"column":3}},"loc":{"start":{"line":4,"column":64},"end":{"line":10,"column":3}},"line":4},"1":{"name":"(anonymous_1)","decl":{"start":{"line":12,"column":2},"end":{"line":12,"column":3}},"loc":{"start":{"line":12,"column":40},"end":{"line":24,"column":3}},"line":12},"2":{"name":"(anonymous_2)","decl":{"start":{"line":26,"column":2},"end":{"line":26,"column":3}},"loc":{"start":{"line":26,"column":46},"end":{"line":40,"column":3}},"line":26}},"branchMap":{"0":{"loc":{"start":{"line":13,"column":4},"end":{"line":13,"column":64}},"type":"if","locations":[{"start":{"line":13,"column":4},"end":{"line":13,"column":64}},{"start":{},"end":{}}],"line":13},"1":{"loc":{"start":{"line":19,"column":4},"end":{"line":21,"column":5}},"type":"if","locations":[{"start":{"line":19,"column":4},"end":{"line":21,"column":5}},{"start":{},"end":{}}],"line":19},"2":{"loc":{"start":{"line":27,"column":4},"end":{"line":28,"column":56}},"type":"if","locations":[{"start":{"line":27,"column":4},"end":{"line":28,"column":56}},{"start":{},"end":{}}],"line":27},"3":{"loc":{"start":{"line":27,"column":8},"end":{"line":27,"column":30}},"type":"binary-expr","locations":[{"start":{"line":27,"column":8},"end":{"line":27,"column":17}},{"start":{"line":27,"column":21},"end":{"line":27,"column":30}}],"line":27},"4":{"loc":{"start":{"line":35,"column":4},"end":{"line":37,"column":5}},"type":"if","locations":[{"start":{"line":35,"column":4},"end":{"line":37,"column":5}},{"start":{},"end":{}}],"line":35}},"s":{"0":1,"1":2,"2":2,"3":2,"4":2,"5":2,"6":3,"7":1,"8":2,"9":2,"10":1,"11":1,"12":3,"13":1,"14":2,"15":2,"16":1,"17":1,"18":1},"f":{"0":2,"1":3,"2":3},"b":{"0":[1,2],"1":[1,1],"2":[1,2],"3":[3,2],"4":[1,1]},"_coverageSchema":"1a1c01bbd47fc00a2c39e90264f33305004495a9","hash":"9a2eb5b4c0f7297d99c45317b1faeb77663d5ccc"}
}
