TN:
SF:database\connect.js
FNF:0
FNH:0
DA:1,2
DA:3,2
DA:7,2
LF:3
LH:3
BRF:0
BRH:0
end_of_record
TN:
SF:models\Answer.js
FN:2,(anonymous_0)
FNF:1
FNH:1
FNDA:3,(anonymous_0)
DA:3,3
DA:4,3
DA:5,3
DA:9,1
LF:4
LH:4
BRF:0
BRH:0
end_of_record
TN:
SF:models\Question.js
FN:5,(anonymous_0)
FN:19,(anonymous_1)
FN:30,(anonymous_2)
FN:38,(anonymous_3)
FNF:4
FNH:4
FNDA:3,(anonymous_0)
FNDA:2,(anonymous_1)
FNDA:2,(anonymous_2)
FNDA:3,(anonymous_3)
DA:1,1
DA:2,1
DA:12,3
DA:13,3
DA:14,3
DA:15,3
DA:16,3
DA:20,2
DA:25,2
DA:27,1
DA:31,2
DA:36,2
DA:38,3
DA:42,1
LF:14
LH:14
BRDA:25,0,0,1
BRDA:25,0,1,1
BRDA:36,1,0,1
BRDA:36,1,1,1
BRF:4
BRH:4
end_of_record
TN:
SF:models\User.js
FN:4,(anonymous_0)
FN:12,(anonymous_1)
FN:26,(anonymous_2)
FNF:3
FNH:3
FNDA:2,(anonymous_0)
FNDA:3,(anonymous_1)
FNDA:3,(anonymous_2)
DA:1,1
DA:5,2
DA:6,2
DA:7,2
DA:8,2
DA:9,2
DA:13,3
DA:15,2
DA:19,2
DA:20,1
DA:23,1
DA:27,3
DA:28,1
DA:30,2
DA:35,2
DA:36,1
DA:39,1
DA:43,1
LF:18
LH:18
BRDA:13,0,0,1
BRDA:13,0,1,2
BRDA:19,1,0,1
BRDA:19,1,1,1
BRDA:27,2,0,1
BRDA:27,2,1,2
BRDA:27,3,0,3
BRDA:27,3,1,2
BRDA:35,4,0,1
BRDA:35,4,1,1
BRF:10
BRH:10
end_of_record
